<?xml version="1.0" encoding="UTF-8"?>
<!-- Generated by org.testng.reporters.JUnitReportReporter -->
<testsuite name="org.qa.OrangeHrm.NewTest" tests="1" time="0.014" ignored="0" failures="0" timestamp="01 Feb 2017 22:39:22 GMT" skipped="0" hostname="Vinay-PC" errors="0">
  <testcase name="test1" time="0.014" classname="org.qa.OrangeHrm.NewTest"/>
</testsuite> <!-- org.qa.OrangeHrm.NewTest -->
