<?xml version="1.0" encoding="UTF-8"?>
<!-- Generated by org.testng.reporters.JUnitReportReporter -->
<testsuite name="org.qa.OrangeHrm.UserManagement" tests="1" time="4.927" ignored="0" failures="0" timestamp="08 Feb 2017 02:34:40 GMT" skipped="0" hostname="Vinay-PC" errors="0">
  <testcase name="createUser" time="4.927" classname="org.qa.OrangeHrm.UserManagement"/>
</testsuite> <!-- org.qa.OrangeHrm.UserManagement -->
